<?xml version="1.0" encoding="UTF-8" standalone="yes"?><!DOCTYPE report PUBLIC "-//JACOCO//DTD Report 1.1//EN" "report.dtd"><report name="untitled"><sessioninfo id="DESKTOP-KUJH8LP-dc377564" start="1635322583881" dump="1635322585227"/><sessioninfo id="DESKTOP-KUJH8LP-d2e117a5" start="1635323161071" dump="1635323162274"/><sessioninfo id="DESKTOP-KUJH8LP-b653ca54" start="1635325318921" dump="1635325320243"/><sessioninfo id="DESKTOP-KUJH8LP-4f74d647" start="1635325549524" dump="1635325550780"/><sessioninfo id="DESKTOP-KUJH8LP-fd9ebda3" start="1635326388660" dump="1635326389962"/><sessioninfo id="DESKTOP-KUJH8LP-f76f56a4" start="1635328932074" dump="1635328932952"/><sessioninfo id="DESKTOP-KUJH8LP-4ffe431c" start="1635332244543" dump="1635332245898"/><sessioninfo id="DESKTOP-KUJH8LP-25d81cf7" start="1635332653310" dump="1635332654616"/><sessioninfo id="DESKTOP-KUJH8LP-193e6624" start="1635332736723" dump="1635332738034"/><sessioninfo id="DESKTOP-KUJH8LP-1bf1b33" start="1635339640711" dump="1635339642021"/><sessioninfo id="DESKTOP-KUJH8LP-cc88c5a6" start="1635340781013" dump="1635340782292"/><sessioninfo id="DESKTOP-KUJH8LP-2dbc04fa" start="1635341940112" dump="1635341941018"/><sessioninfo id="DESKTOP-KUJH8LP-fe73c2d5" start="1635342350808" dump="1635342352175"/><sessioninfo id="DESKTOP-KUJH8LP-14bbb376" start="1635342958610" dump="1635342959959"/><sessioninfo id="DESKTOP-KUJH8LP-b1d81a70" start="1635343367353" dump="1635343368679"/><sessioninfo id="DESKTOP-KUJH8LP-21b5615e" start="1635344179864" dump="1635344181192"/><sessioninfo id="DESKTOP-KUJH8LP-1619a311" start="1635413542733" dump="1635413544265"/><sessioninfo id="DESKTOP-KUJH8LP-549fd08e" start="1635429210482" dump="1635429211405"/><sessioninfo id="DESKTOP-KUJH8LP-461273d3" start="1635429632072" dump="1635429633470"/><sessioninfo id="DESKTOP-KUJH8LP-848ba6c4" start="1635447645263" dump="1635447648860"/><sessioninfo id="DESKTOP-KUJH8LP-af40536e" start="1635452021312" dump="1635452022230"/><sessioninfo id="DESKTOP-KUJH8LP-90b630b0" start="1635452272246" dump="1635452273634"/><sessioninfo id="DESKTOP-KUJH8LP-cb830d73" start="1635452343895" dump="1635452345332"/><sessioninfo id="DESKTOP-KUJH8LP-4e632232" start="1635459199016" dump="1635459202104"/><sessioninfo id="DESKTOP-KUJH8LP-2d16c5d9" start="1635459283187" dump="1635459284784"/><sessioninfo id="DESKTOP-KUJH8LP-2a26444b" start="1635487116269" dump="1635487120216"/><sessioninfo id="DESKTOP-KUJH8LP-cfbe9de1" start="1635496230591" dump="1635496232045"/><sessioninfo id="DESKTOP-KUJH8LP-ea94f8c4" start="1635500383555" dump="1635500384911"/><sessioninfo id="DESKTOP-KUJH8LP-916ee897" start="1635501294741" dump="1635501296259"/><sessioninfo id="DESKTOP-KUJH8LP-c464fef2" start="1635503087472" dump="1635503088982"/><sessioninfo id="DESKTOP-KUJH8LP-d8f9ce33" start="1635515265768" dump="1635515267123"/><sessioninfo id="DESKTOP-KUJH8LP-47216226" start="1635516698991" dump="1635516700340"/><sessioninfo id="DESKTOP-KUJH8LP-e6fb9e7b" start="1635517197266" dump="1635517198585"/><sessioninfo id="DESKTOP-KUJH8LP-43b219b4" start="1635517304403" dump="1635517305744"/><sessioninfo id="DESKTOP-KUJH8LP-694aadf7" start="1635588185990" dump="1635588187132"/><sessioninfo id="DESKTOP-KUJH8LP-869be420" start="1635588291071" dump="1635588292680"/><sessioninfo id="DESKTOP-KUJH8LP-6147d4e9" start="1635588790276" dump="1635588791884"/><sessioninfo id="DESKTOP-KUJH8LP-56ab5266" start="1635588904471" dump="1635588906182"/><sessioninfo id="DESKTOP-KUJH8LP-f9fd6d34" start="1635589398814" dump="1635589400498"/><sessioninfo id="DESKTOP-KUJH8LP-12341665" start="1635589995883" dump="1635589997668"/><sessioninfo id="DESKTOP-KUJH8LP-446b4cce" start="1635591448796" dump="1635591449655"/><sessioninfo id="DESKTOP-KUJH8LP-aae2b917" start="1635591599110" dump="1635591600452"/><sessioninfo id="DESKTOP-KUJH8LP-f35ca4c9" start="1635591719690" dump="1635591721068"/><sessioninfo id="DESKTOP-KUJH8LP-148c557" start="1635592866985" dump="1635592867848"/><sessioninfo id="DESKTOP-KUJH8LP-c9aef73c" start="1635593147542" dump="1635593148866"/><sessioninfo id="DESKTOP-KUJH8LP-7cdf0890" start="1635594199169" dump="1635594200093"/><sessioninfo id="DESKTOP-KUJH8LP-6a1a3853" start="1635594543695" dump="1635594545190"/><sessioninfo id="DESKTOP-KUJH8LP-7120d385" start="1635594967005" dump="1635594969980"/><sessioninfo id="DESKTOP-KUJH8LP-71ef6777" start="1635599274423" dump="1635599275906"/><sessioninfo id="DESKTOP-KUJH8LP-42d35fa6" start="1635599447931" dump="1635599449445"/><sessioninfo id="DESKTOP-KUJH8LP-fef2f002" start="1635599850884" dump="1635599852378"/><sessioninfo id="DESKTOP-KUJH8LP-3cfcfcd4" start="1635600673723" dump="1635600675264"/><sessioninfo id="DESKTOP-KUJH8LP-f72d4124" start="1635600937702" dump="1635600939215"/><sessioninfo id="DESKTOP-KUJH8LP-cefc9288" start="1635601082054" dump="1635601083544"/><sessioninfo id="DESKTOP-KUJH8LP-1886c48c" start="1635601392739" dump="1635601394204"/><sessioninfo id="DESKTOP-KUJH8LP-d2aadc18" start="1635610619889" dump="1635610620903"/><sessioninfo id="DESKTOP-KUJH8LP-72e3a4d6" start="1635610655951" dump="1635610656958"/><sessioninfo id="DESKTOP-KUJH8LP-529074bf" start="1635610821068" dump="1635610822055"/><sessioninfo id="DESKTOP-KUJH8LP-ed044e8" start="1635620765355" dump="1635620766700"/><sessioninfo id="DESKTOP-KUJH8LP-82f11784" start="1635621046149" dump="1635621047464"/><sessioninfo id="DESKTOP-KUJH8LP-8438d946" start="1635621308850" dump="1635621310268"/><sessioninfo id="DESKTOP-KUJH8LP-fa99c7e4" start="1635622284505" dump="1635622285874"/><sessioninfo id="DESKTOP-KUJH8LP-8c2b0e4f" start="1635622678746" dump="1635622680061"/><sessioninfo id="DESKTOP-KUJH8LP-e8d87dae" start="1635622818996" dump="1635622820364"/><sessioninfo id="DESKTOP-KUJH8LP-c608fdf" start="1635623699378" dump="1635623700760"/><sessioninfo id="DESKTOP-KUJH8LP-321ade8c" start="1635626429546" dump="1635626430492"/><sessioninfo id="DESKTOP-KUJH8LP-f6fea60f" start="1635628282723" dump="1635628284005"/><sessioninfo id="DESKTOP-KUJH8LP-fa22ee16" start="1635630002817" dump="1635630004151"/><sessioninfo id="DESKTOP-KUJH8LP-f5c4e5ed" start="1635630190736" dump="1635630191949"/><sessioninfo id="DESKTOP-KUJH8LP-59e71a94" start="1635631612133" dump="1635631614212"/><sessioninfo id="DESKTOP-KUJH8LP-43038b0d" start="1635632128886" dump="1635632130912"/><sessioninfo id="DESKTOP-KUJH8LP-bdcd9eed" start="1635632739949" dump="1635632742561"/><sessioninfo id="DESKTOP-KUJH8LP-cb802109" start="1635636430377" dump="1635636432747"/><sessioninfo id="DESKTOP-KUJH8LP-52fc515c" start="1635636464784" dump="1635636467067"/><sessioninfo id="DESKTOP-KUJH8LP-ae8ec825" start="1635636496391" dump="1635636498852"/><sessioninfo id="DESKTOP-KUJH8LP-ed8f292" start="1635636529268" dump="1635636531559"/><sessioninfo id="DESKTOP-KUJH8LP-2479625c" start="1635636579945" dump="1635636582211"/><sessioninfo id="DESKTOP-KUJH8LP-d310f46a" start="1635636620152" dump="1635636623289"/><sessioninfo id="DESKTOP-KUJH8LP-c5529606" start="1635661489056" dump="1635661490449"/><sessioninfo id="DESKTOP-KUJH8LP-24fbaa5b" start="1635661655493" dump="1635661656954"/><sessioninfo id="DESKTOP-KUJH8LP-2c99fd49" start="1635661688433" dump="1635661689836"/><sessioninfo id="DESKTOP-KUJH8LP-1e2538b5" start="1635662296947" dump="1635662298302"/><sessioninfo id="DESKTOP-KUJH8LP-6167affe" start="1635662757646" dump="1635662758998"/><sessioninfo id="DESKTOP-KUJH8LP-a6b4496b" start="1635663975041" dump="1635663975959"/><sessioninfo id="DESKTOP-KUJH8LP-290d81c7" start="1635664351823" dump="1635664352757"/><sessioninfo id="DESKTOP-KUJH8LP-c1b77329" start="1635664507941" dump="1635664509299"/><sessioninfo id="DESKTOP-KUJH8LP-556b1d6e" start="1635666995112" dump="1635666997629"/><sessioninfo id="DESKTOP-KUJH8LP-10403e9e" start="1635784656108" dump="1635784657637"/><sessioninfo id="DESKTOP-KUJH8LP-d95839ad" start="1635785466982" dump="1635785469239"/><sessioninfo id="DESKTOP-KUJH8LP-fc0e1662" start="1635785963204" dump="1635785964122"/><sessioninfo id="DESKTOP-KUJH8LP-3b38ae21" start="1635786074848" dump="1635786075754"/><sessioninfo id="DESKTOP-KUJH8LP-793cd4ce" start="1635786397070" dump="1635786398003"/><sessioninfo id="DESKTOP-KUJH8LP-8f53fd48" start="1635786413833" dump="1635786414751"/><sessioninfo id="DESKTOP-KUJH8LP-8779f231" start="1635786456304" dump="1635786457253"/><sessioninfo id="DESKTOP-KUJH8LP-52e30bfb" start="1635787572660" dump="1635787573562"/><sessioninfo id="DESKTOP-KUJH8LP-a533e92f" start="1635788015448" dump="1635788018078"/><sessioninfo id="DESKTOP-KUJH8LP-4a1cac6b" start="1635792314850" dump="1635792316193"/><sessioninfo id="DESKTOP-KUJH8LP-412b2267" start="1635792627700" dump="1635792629028"/><sessioninfo id="DESKTOP-KUJH8LP-61de1bdb" start="1635793388032" dump="1635793389429"/><package name="com/example"><class name="com/example/Feline" sourcefilename="Feline.java"><method name="&lt;init&gt;" desc="()V" line="5"><counter type="INSTRUCTION" missed="0" covered="3"/><counter type="LINE" missed="0" covered="1"/><counter type="COMPLEXITY" missed="0" covered="1"/><counter type="METHOD" missed="0" covered="1"/></method><method name="eatMeat" desc="()Ljava/util/List;" line="9"><counter type="INSTRUCTION" missed="0" covered="4"/><counter type="LINE" missed="0" covered="1"/><counter type="COMPLEXITY" missed="0" covered="1"/><counter type="METHOD" missed="0" covered="1"/></method><method name="getFamily" desc="()Ljava/lang/String;" line="14"><counter type="INSTRUCTION" missed="0" covered="2"/><counter type="LINE" missed="0" covered="1"/><counter type="COMPLEXITY" missed="0" covered="1"/><counter type="METHOD" missed="0" covered="1"/></method><method name="getKittens" desc="()I" line="18"><counter type="INSTRUCTION" missed="0" covered="4"/><counter type="LINE" missed="0" covered="1"/><counter type="COMPLEXITY" missed="0" covered="1"/><counter type="METHOD" missed="0" covered="1"/></method><method name="getKittens" desc="(I)I" line="22"><counter type="INSTRUCTION" missed="0" covered="2"/><counter type="LINE" missed="0" covered="1"/><counter type="COMPLEXITY" missed="0" covered="1"/><counter type="METHOD" missed="0" covered="1"/></method><counter type="INSTRUCTION" missed="0" covered="15"/><counter type="LINE" missed="0" covered="5"/><counter type="COMPLEXITY" missed="0" covered="5"/><counter type="METHOD" missed="0" covered="5"/><counter type="CLASS" missed="0" covered="1"/></class><class name="com/example/Animal" sourcefilename="Animal.java"><method name="&lt;init&gt;" desc="()V" line="5"><counter type="INSTRUCTION" missed="0" covered="3"/><counter type="LINE" missed="0" covered="1"/><counter type="COMPLEXITY" missed="0" covered="1"/><counter type="METHOD" missed="0" covered="1"/></method><method name="getFood" desc="(Ljava/lang/String;)Ljava/util/List;" line="8"><counter type="INSTRUCTION" missed="0" covered="22"/><counter type="BRANCH" missed="0" covered="4"/><counter type="LINE" missed="0" covered="5"/><counter type="COMPLEXITY" missed="0" covered="3"/><counter type="METHOD" missed="0" covered="1"/></method><method name="getFamily" desc="()Ljava/lang/String;" line="18"><counter type="INSTRUCTION" missed="0" covered="2"/><counter type="LINE" missed="0" covered="1"/><counter type="COMPLEXITY" missed="0" covered="1"/><counter type="METHOD" missed="0" covered="1"/></method><counter type="INSTRUCTION" missed="0" covered="27"/><counter type="BRANCH" missed="0" covered="4"/><counter type="LINE" missed="0" covered="7"/><counter type="COMPLEXITY" missed="0" covered="5"/><counter type="METHOD" missed="0" covered="3"/><counter type="CLASS" missed="0" covered="1"/></class><class name="com/example/Alex" sourcefilename="Alex.java"><method name="&lt;init&gt;" desc="(Ljava/lang/String;Lcom/example/Feline;)V" line="8"><counter type="INSTRUCTION" missed="0" covered="5"/><counter type="LINE" missed="0" covered="2"/><counter type="COMPLEXITY" missed="0" covered="1"/><counter type="METHOD" missed="0" covered="1"/></method><method name="getKittens" desc="()I" line="13"><counter type="INSTRUCTION" missed="0" covered="5"/><counter type="LINE" missed="0" covered="1"/><counter type="COMPLEXITY" missed="0" covered="1"/><counter type="METHOD" missed="0" covered="1"/></method><method name="getFriends" desc="()Ljava/util/List;" line="17"><counter type="INSTRUCTION" missed="0" covered="5"/><counter type="LINE" missed="0" covered="1"/><counter type="COMPLEXITY" missed="0" covered="1"/><counter type="METHOD" missed="0" covered="1"/></method><method name="getPlaceOfLiving" desc="()Ljava/lang/String;" line="21"><counter type="INSTRUCTION" missed="0" covered="2"/><counter type="LINE" missed="0" covered="1"/><counter type="COMPLEXITY" missed="0" covered="1"/><counter type="METHOD" missed="0" covered="1"/></method><counter type="INSTRUCTION" missed="0" covered="17"/><counter type="LINE" missed="0" covered="5"/><counter type="COMPLEXITY" missed="0" covered="4"/><counter type="METHOD" missed="0" covered="4"/><counter type="CLASS" missed="0" covered="1"/></class><class name="com/example/Lion" sourcefilename="Lion.java"><method name="&lt;init&gt;" desc="(Ljava/lang/String;Lcom/example/Feline;)V" line="11"><counter type="INSTRUCTION" missed="0" covered="27"/><counter type="BRANCH" missed="0" covered="4"/><counter type="LINE" missed="0" covered="8"/><counter type="COMPLEXITY" missed="0" covered="3"/><counter type="METHOD" missed="0" covered="1"/></method><method name="getKittens" desc="()I" line="24"><counter type="INSTRUCTION" missed="0" covered="4"/><counter type="LINE" missed="0" covered="1"/><counter type="COMPLEXITY" missed="0" covered="1"/><counter type="METHOD" missed="0" covered="1"/></method><method name="doesHaveMane" desc="()Z" line="28"><counter type="INSTRUCTION" missed="0" covered="3"/><counter type="LINE" missed="0" covered="1"/><counter type="COMPLEXITY" missed="0" covered="1"/><counter type="METHOD" missed="0" covered="1"/></method><method name="getFood" desc="()Ljava/util/List;" line="32"><counter type="INSTRUCTION" missed="0" covered="5"/><counter type="LINE" missed="0" covered="1"/><counter type="COMPLEXITY" missed="0" covered="1"/><counter type="METHOD" missed="0" covered="1"/></method><counter type="INSTRUCTION" missed="0" covered="39"/><counter type="BRANCH" missed="0" covered="4"/><counter type="LINE" missed="0" covered="11"/><counter type="COMPLEXITY" missed="0" covered="6"/><counter type="METHOD" missed="0" covered="4"/><counter type="CLASS" missed="0" covered="1"/></class><class name="com/example/Predator" sourcefilename="Predator.java"/><class name="com/example/Main" sourcefilename="Main.java"><method name="&lt;init&gt;" desc="()V" line="3"><counter type="INSTRUCTION" missed="3" covered="0"/><counter type="LINE" missed="1" covered="0"/><counter type="COMPLEXITY" missed="1" covered="0"/><counter type="METHOD" missed="1" covered="0"/></method><method name="main" desc="([Ljava/lang/String;)V" line="6"><counter type="INSTRUCTION" missed="44" covered="0"/><counter type="LINE" missed="12" covered="0"/><counter type="COMPLEXITY" missed="1" covered="0"/><counter type="METHOD" missed="1" covered="0"/></method><counter type="INSTRUCTION" missed="47" covered="0"/><counter type="LINE" missed="13" covered="0"/><counter type="COMPLEXITY" missed="2" covered="0"/><counter type="METHOD" missed="2" covered="0"/><counter type="CLASS" missed="1" covered="0"/></class><class name="com/example/Cat" sourcefilename="Cat.java"><method name="&lt;init&gt;" desc="(Lcom/example/Feline;)V" line="9"><counter type="INSTRUCTION" missed="0" covered="6"/><counter type="LINE" missed="0" covered="3"/><counter type="COMPLEXITY" missed="0" covered="1"/><counter type="METHOD" missed="0" covered="1"/></method><method name="getSound" desc="()Ljava/lang/String;" line="14"><counter type="INSTRUCTION" missed="0" covered="2"/><counter type="LINE" missed="0" covered="1"/><counter type="COMPLEXITY" missed="0" covered="1"/><counter type="METHOD" missed="0" covered="1"/></method><method name="getFood" desc="()Ljava/util/List;" line="18"><counter type="INSTRUCTION" missed="0" covered="4"/><counter type="LINE" missed="0" covered="1"/><counter type="COMPLEXITY" missed="0" covered="1"/><counter type="METHOD" missed="0" covered="1"/></method><counter type="INSTRUCTION" missed="0" covered="12"/><counter type="LINE" missed="0" covered="5"/><counter type="COMPLEXITY" missed="0" covered="3"/><counter type="METHOD" missed="0" covered="3"/><counter type="CLASS" missed="0" covered="1"/></class><sourcefile name="Alex.java"><line nr="8" mi="0" ci="4" mb="0" cb="0"/><line nr="9" mi="0" ci="1" mb="0" cb="0"/><line nr="13" mi="0" ci="5" mb="0" cb="0"/><line nr="17" mi="0" ci="5" mb="0" cb="0"/><line nr="21" mi="0" ci="2" mb="0" cb="0"/><counter type="INSTRUCTION" missed="0" covered="17"/><counter type="LINE" missed="0" covered="5"/><counter type="COMPLEXITY" missed="0" covered="4"/><counter type="METHOD" missed="0" covered="4"/><counter type="CLASS" missed="0" covered="1"/></sourcefile><sourcefile name="Lion.java"><line nr="11" mi="0" ci="2" mb="0" cb="0"/><line nr="13" mi="0" ci="4" mb="0" cb="2"/><line nr="14" mi="0" ci="4" mb="0" cb="0"/><line nr="15" mi="0" ci="4" mb="0" cb="2"/><line nr="16" mi="0" ci="4" mb="0" cb="0"/><line nr="18" mi="0" ci="5" mb="0" cb="0"/><line nr="20" mi="0" ci="3" mb="0" cb="0"/><line nr="21" mi="0" ci="1" mb="0" cb="0"/><line nr="24" mi="0" ci="4" mb="0" cb="0"/><line nr="28" mi="0" ci="3" mb="0" cb="0"/><line nr="32" mi="0" ci="5" mb="0" cb="0"/><counter type="INSTRUCTION" missed="0" covered="39"/><counter type="BRANCH" missed="0" covered="4"/><counter type="LINE" missed="0" covered="11"/><counter type="COMPLEXITY" missed="0" covered="6"/><counter type="METHOD" missed="0" covered="4"/><counter type="CLASS" missed="0" covered="1"/></sourcefile><sourcefile name="Predator.java"/><sourcefile name="Animal.java"><line nr="5" mi="0" ci="3" mb="0" cb="0"/><line nr="8" mi="0" ci="4" mb="0" cb="2"/><line nr="9" mi="0" ci="4" mb="0" cb="0"/><line nr="10" mi="0" ci="4" mb="0" cb="2"/><line nr="11" mi="0" ci="5" mb="0" cb="0"/><line nr="13" mi="0" ci="5" mb="0" cb="0"/><line nr="18" mi="0" ci="2" mb="0" cb="0"/><counter type="INSTRUCTION" missed="0" covered="27"/><counter type="BRANCH" missed="0" covered="4"/><counter type="LINE" missed="0" covered="7"/><counter type="COMPLEXITY" missed="0" covered="5"/><counter type="METHOD" missed="0" covered="3"/><counter type="CLASS" missed="0" covered="1"/></sourcefile><sourcefile name="Main.java"><line nr="3" mi="3" ci="0" mb="0" cb="0"/><line nr="6" mi="4" ci="0" mb="0" cb="0"/><line nr="7" mi="6" ci="0" mb="0" cb="0"/><line nr="8" mi="6" ci="0" mb="0" cb="0"/><line nr="9" mi="5" ci="0" mb="0" cb="0"/><line nr="11" mi="3" ci="0" mb="0" cb="0"/><line nr="12" mi="3" ci="0" mb="0" cb="0"/><line nr="13" mi="4" ci="0" mb="0" cb="0"/><line nr="15" mi="3" ci="0" mb="0" cb="0"/><line nr="16" mi="3" ci="0" mb="0" cb="0"/><line nr="17" mi="3" ci="0" mb="0" cb="0"/><line nr="19" mi="3" ci="0" mb="0" cb="0"/><line nr="20" mi="1" ci="0" mb="0" cb="0"/><counter type="INSTRUCTION" missed="47" covered="0"/><counter type="LINE" missed="13" covered="0"/><counter type="COMPLEXITY" missed="2" covered="0"/><counter type="METHOD" missed="2" covered="0"/><counter type="CLASS" missed="1" covered="0"/></sourcefile><sourcefile name="Feline.java"><line nr="5" mi="0" ci="3" mb="0" cb="0"/><line nr="9" mi="0" ci="4" mb="0" cb="0"/><line nr="14" mi="0" ci="2" mb="0" cb="0"/><line nr="18" mi="0" ci="4" mb="0" cb="0"/><line nr="22" mi="0" ci="2" mb="0" cb="0"/><counter type="INSTRUCTION" missed="0" covered="15"/><counter type="LINE" missed="0" covered="5"/><counter type="COMPLEXITY" missed="0" covered="5"/><counter type="METHOD" missed="0" covered="5"/><counter type="CLASS" missed="0" covered="1"/></sourcefile><sourcefile name="Cat.java"><line nr="9" mi="0" ci="2" mb="0" cb="0"/><line nr="10" mi="0" ci="3" mb="0" cb="0"/><line nr="11" mi="0" ci="1" mb="0" cb="0"/><line nr="14" mi="0" ci="2" mb="0" cb="0"/><line nr="18" mi="0" ci="4" mb="0" cb="0"/><counter type="INSTRUCTION" missed="0" covered="12"/><counter type="LINE" missed="0" covered="5"/><counter type="COMPLEXITY" missed="0" covered="3"/><counter type="METHOD" missed="0" covered="3"/><counter type="CLASS" missed="0" covered="1"/></sourcefile><counter type="INSTRUCTION" missed="47" covered="110"/><counter type="BRANCH" missed="0" covered="8"/><counter type="LINE" missed="13" covered="33"/><counter type="COMPLEXITY" missed="2" covered="23"/><counter type="METHOD" missed="2" covered="19"/><counter type="CLASS" missed="1" covered="5"/></package><counter type="INSTRUCTION" missed="47" covered="110"/><counter type="BRANCH" missed="0" covered="8"/><counter type="LINE" missed="13" covered="33"/><counter type="COMPLEXITY" missed="2" covered="23"/><counter type="METHOD" missed="2" covered="19"/><counter type="CLASS" missed="1" covered="5"/></report>